Flow report for ect_ert
Sat Dec 07 15:18:27 2019
Quartus II 64-Bit Version 13.1.0 Build 162 10/23/2013 SJ Full Version


---------------------
; Table of Contents ;
---------------------
  1. Legal Notice
  2. Flow Summary
  3. Flow Settings
  4. Flow Non-Default Global Settings
  5. Flow Elapsed Time
  6. Flow OS Summary
  7. Flow Log
  8. Flow Messages
  9. Flow Suppressed Messages



----------------
; Legal Notice ;
----------------
Copyright (C) 1991-2013 Altera Corporation
Your use of Altera Corporation's design tools, logic functions 
and other software and tools, and its AMPP partner logic 
functions, and any output files from any of the foregoing 
(including device programming or simulation files), and any 
associated documentation or information are expressly subject 
to the terms and conditions of the Altera Program License 
Subscription Agreement, Altera MegaCore Function License 
Agreement, or other applicable license agreement, including, 
without limitation, that your use is for the sole purpose of 
programming logic devices manufactured by Altera and sold by 
Altera or its authorized distributors.  Please refer to the 
applicable agreement for further details.



+----------------------------------------------------------------------------------+
; Flow Summary                                                                     ;
+------------------------------------+---------------------------------------------+
; Flow Status                        ; Successful - Sat Dec 07 15:18:27 2019       ;
; Quartus II 64-Bit Version          ; 13.1.0 Build 162 10/23/2013 SJ Full Version ;
; Revision Name                      ; ect_ert                                     ;
; Top-level Entity Name              ; ect_ert                                     ;
; Family                             ; Cyclone III                                 ;
; Device                             ; EP3C25F324I7                                ;
; Timing Models                      ; Final                                       ;
; Total logic elements               ; 6,768 / 24,624 ( 27 % )                     ;
;     Total combinational functions  ; 5,240 / 24,624 ( 21 % )                     ;
;     Dedicated logic registers      ; 3,835 / 24,624 ( 16 % )                     ;
; Total registers                    ; 3835                                        ;
; Total pins                         ; 58 / 216 ( 27 % )                           ;
; Total virtual pins                 ; 0                                           ;
; Total memory bits                  ; 5,376 / 608,256 ( < 1 % )                   ;
; Embedded Multiplier 9-bit elements ; 60 / 132 ( 45 % )                           ;
; Total PLLs                         ; 1 / 4 ( 25 % )                              ;
+------------------------------------+---------------------------------------------+


+-----------------------------------------+
; Flow Settings                           ;
+-------------------+---------------------+
; Option            ; Setting             ;
+-------------------+---------------------+
; Start date & time ; 11/28/2019 14:22:19 ;
; Main task         ; Compilation         ;
; Revision Name     ; ect_ert             ;
+-------------------+---------------------+


+------------------------------------------------------------------------------------------------------------------------------+
; Flow Non-Default Global Settings                                                                                             ;
+--------------------------------------+---------------------------------------+---------------+-------------+-----------------+
; Assignment Name                      ; Value                                 ; Default Value ; Entity Name ; Section Id      ;
+--------------------------------------+---------------------------------------+---------------+-------------+-----------------+
; COMPILER_SIGNATURE_ID                ; 53552314993179.157492213909676        ; --            ; --          ; --              ;
; EDA_DESIGN_INSTANCE_NAME             ; NA                                    ; --            ; --          ; ect_ert_vlg_tst ;
; EDA_NATIVELINK_SIMULATION_TEST_BENCH ; ect_ert_vlg_tst                       ; --            ; --          ; eda_simulation  ;
; EDA_OUTPUT_DATA_FORMAT               ; Verilog Hdl                           ; --            ; --          ; eda_simulation  ;
; EDA_SIMULATION_TOOL                  ; ModelSim (Verilog)                    ; <None>        ; --          ; --              ;
; EDA_TEST_BENCH_ENABLE_STATUS         ; TEST_BENCH_MODE                       ; --            ; --          ; eda_simulation  ;
; EDA_TEST_BENCH_FILE                  ; simulation/modelsim/ect_ert.vt        ; --            ; --          ; ect_ert_vlg_tst ;
; EDA_TEST_BENCH_MODULE_NAME           ; ect_ert_vlg_tst                       ; --            ; --          ; ect_ert_vlg_tst ;
; EDA_TEST_BENCH_NAME                  ; ect_ert_vlg_tst                       ; --            ; --          ; eda_simulation  ;
; EDA_TEST_BENCH_RUN_SIM_FOR           ; 1 s                                   ; --            ; --          ; ect_ert_vlg_tst ;
; EDA_TIME_SCALE                       ; 1 ps                                  ; --            ; --          ; eda_simulation  ;
; ENABLE_SIGNALTAP                     ; On                                    ; --            ; --          ; --              ;
; IP_TOOL_NAME                         ; ALTMULT_ACCUM (MAC)                   ; --            ; --          ; --              ;
; IP_TOOL_NAME                         ; ALTMULT_ADD                           ; --            ; --          ; --              ;
; IP_TOOL_NAME                         ; ALTSQRT                               ; --            ; --          ; --              ;
; IP_TOOL_NAME                         ; ALTPLL                                ; --            ; --          ; --              ;
; IP_TOOL_VERSION                      ; 13.1                                  ; --            ; --          ; --              ;
; IP_TOOL_VERSION                      ; 13.1                                  ; --            ; --          ; --              ;
; IP_TOOL_VERSION                      ; 13.1                                  ; --            ; --          ; --              ;
; IP_TOOL_VERSION                      ; 13.1                                  ; --            ; --          ; --              ;
; MAX_CORE_JUNCTION_TEMP               ; 100                                   ; --            ; --          ; --              ;
; MIN_CORE_JUNCTION_TEMP               ; -40                                   ; --            ; --          ; --              ;
; MISC_FILE                            ; ../src/ip/ip_pll.ppf                  ; --            ; --          ; --              ;
; OUTPUT_IO_TIMING_FAR_END_VMEAS       ; Half Signal Swing                     ; --            ; --          ; --              ;
; OUTPUT_IO_TIMING_FAR_END_VMEAS       ; Half Signal Swing                     ; --            ; --          ; --              ;
; OUTPUT_IO_TIMING_NEAR_END_VMEAS      ; Half Vccio                            ; --            ; --          ; --              ;
; OUTPUT_IO_TIMING_NEAR_END_VMEAS      ; Half Vccio                            ; --            ; --          ; --              ;
; PARTITION_COLOR                      ; 16764057                              ; --            ; --          ; Top             ;
; PARTITION_FITTER_PRESERVATION_LEVEL  ; PLACEMENT_AND_ROUTING                 ; --            ; --          ; Top             ;
; PARTITION_NETLIST_TYPE               ; POST_FIT                              ; --            ; --          ; Top             ;
; POWER_BOARD_THERMAL_MODEL            ; None (CONSERVATIVE)                   ; --            ; --          ; --              ;
; POWER_PRESET_COOLING_SOLUTION        ; 23 MM HEAT SINK WITH 200 LFPM AIRFLOW ; --            ; --          ; --              ;
; PROJECT_OUTPUT_DIRECTORY             ; output_files                          ; --            ; --          ; --              ;
; USE_SIGNALTAP_FILE                   ; ../signal ii/spi_test.stp             ; --            ; --          ; --              ;
+--------------------------------------+---------------------------------------+---------------+-------------+-----------------+


+-------------------------------------------------------------------------------------------------------------------------------+
; Flow Elapsed Time                                                                                                             ;
+---------------------------+--------------+-------------------------+---------------------+------------------------------------+
; Module Name               ; Elapsed Time ; Average Processors Used ; Peak Virtual Memory ; Total CPU Time (on all processors) ;
+---------------------------+--------------+-------------------------+---------------------+------------------------------------+
; Analysis & Synthesis      ; 00:00:28     ; 1.0                     ; 577 MB              ; 00:00:25                           ;
; Partition Merge           ; 00:00:02     ; 1.0                     ; 470 MB              ; 00:00:01                           ;
; Fitter                    ; 00:00:21     ; 1.4                     ; 1228 MB             ; 00:00:26                           ;
; Assembler                 ; 00:00:03     ; 1.0                     ; 470 MB              ; 00:00:02                           ;
; Analysis & Synthesis      ; 00:00:11     ; 1.0                     ; 544 MB              ; 00:00:09                           ;
; Partition Merge           ; 00:00:04     ; 1.0                     ; 496 MB              ; 00:00:02                           ;
; Fitter                    ; 00:00:23     ; 1.1                     ; 1120 MB             ; 00:00:18                           ;
; Assembler                 ; 00:00:03     ; 1.0                     ; 469 MB              ; 00:00:02                           ;
; TimeQuest Timing Analyzer ; 00:00:05     ; 1.0                     ; 594 MB              ; 00:00:05                           ;
; EDA Netlist Writer        ; 00:00:08     ; 1.0                     ; 467 MB              ; 00:00:08                           ;
; Total                     ; 00:01:48     ; --                      ; --                  ; 00:01:38                           ;
+---------------------------+--------------+-------------------------+---------------------+------------------------------------+


+----------------------------------------------------------------------------------------+
; Flow OS Summary                                                                        ;
+---------------------------+------------------+-----------+------------+----------------+
; Module Name               ; Machine Hostname ; OS Name   ; OS Version ; Processor type ;
+---------------------------+------------------+-----------+------------+----------------+
; Analysis & Synthesis      ; Tsinghua         ; Windows 7 ; 6.1        ; x86_64         ;
; Partition Merge           ; Tsinghua         ; Windows 7 ; 6.1        ; x86_64         ;
; Fitter                    ; Tsinghua         ; Windows 7 ; 6.1        ; x86_64         ;
; Assembler                 ; Tsinghua         ; Windows 7 ; 6.1        ; x86_64         ;
; Analysis & Synthesis      ; Tsinghua         ; Windows 7 ; 6.1        ; x86_64         ;
; Partition Merge           ; Tsinghua         ; Windows 7 ; 6.1        ; x86_64         ;
; Fitter                    ; Tsinghua         ; Windows 7 ; 6.1        ; x86_64         ;
; Assembler                 ; Tsinghua         ; Windows 7 ; 6.1        ; x86_64         ;
; TimeQuest Timing Analyzer ; Tsinghua         ; Windows 7 ; 6.1        ; x86_64         ;
; EDA Netlist Writer        ; Tsinghua         ; Windows 7 ; 6.1        ; x86_64         ;
+---------------------------+------------------+-----------+------------+----------------+


------------
; Flow Log ;
------------
quartus_map --read_settings_files=on --write_settings_files=off ect_ert -c ect_ert
quartus_cdb --read_settings_files=off --write_settings_files=off ect_ert -c ect_ert --merge=on
quartus_fit --read_settings_files=off --write_settings_files=off ect_ert -c ect_ert
quartus_asm --read_settings_files=off --write_settings_files=off ect_ert -c ect_ert
quartus_map --read_settings_files=on --write_settings_files=off ect_ert -c ect_ert
quartus_cdb --read_settings_files=off --write_settings_files=off ect_ert -c ect_ert --merge=on
quartus_fit --read_settings_files=off --write_settings_files=off ect_ert -c ect_ert
quartus_asm --read_settings_files=off --write_settings_files=off ect_ert -c ect_ert
quartus_sta ect_ert -c ect_ert
quartus_eda --read_settings_files=off --write_settings_files=off ect_ert -c ect_ert



