Flow report for ECTNew
Fri Feb 14 10:48:56 2020
Quartus II 64-Bit Version 13.1.0 Build 162 10/23/2013 SJ Full Version


---------------------
; Table of Contents ;
---------------------
  1. Legal Notice
  2. Flow Summary
  3. Flow Settings
  4. Flow Non-Default Global Settings
  5. Flow Elapsed Time
  6. Flow OS Summary
  7. Flow Log
  8. Flow Messages
  9. Flow Suppressed Messages



----------------
; Legal Notice ;
----------------
Copyright (C) 1991-2013 Altera Corporation
Your use of Altera Corporation's design tools, logic functions 
and other software and tools, and its AMPP partner logic 
functions, and any output files from any of the foregoing 
(including device programming or simulation files), and any 
associated documentation or information are expressly subject 
to the terms and conditions of the Altera Program License 
Subscription Agreement, Altera MegaCore Function License 
Agreement, or other applicable license agreement, including, 
without limitation, that your use is for the sole purpose of 
programming logic devices manufactured by Altera and sold by 
Altera or its authorized distributors.  Please refer to the 
applicable agreement for further details.



+----------------------------------------------------------------------------------+
; Flow Summary                                                                     ;
+------------------------------------+---------------------------------------------+
; Flow Status                        ; Successful - Fri Feb 14 10:48:56 2020       ;
; Quartus II 64-Bit Version          ; 13.1.0 Build 162 10/23/2013 SJ Full Version ;
; Revision Name                      ; ECTNew                                      ;
; Top-level Entity Name              ; ECTNew                                      ;
; Family                             ; Cyclone III                                 ;
; Device                             ; EP3C25F324C8                                ;
; Timing Models                      ; Final                                       ;
; Total logic elements               ; 2,678 / 24,624 ( 11 % )                     ;
;     Total combinational functions  ; 2,483 / 24,624 ( 10 % )                     ;
;     Dedicated logic registers      ; 1,993 / 24,624 ( 8 % )                      ;
; Total registers                    ; 1993                                        ;
; Total pins                         ; 162 / 216 ( 75 % )                          ;
; Total virtual pins                 ; 0                                           ;
; Total memory bits                  ; 288,867 / 608,256 ( 47 % )                  ;
; Embedded Multiplier 9-bit elements ; 4 / 132 ( 3 % )                             ;
; Total PLLs                         ; 1 / 4 ( 25 % )                              ;
+------------------------------------+---------------------------------------------+


+-----------------------------------------+
; Flow Settings                           ;
+-------------------+---------------------+
; Option            ; Setting             ;
+-------------------+---------------------+
; Start date & time ; 02/14/2020 10:48:01 ;
; Main task         ; Compilation         ;
; Revision Name     ; ECTNew              ;
+-------------------+---------------------+


+----------------------------------------------------------------------------------------------------------------------------------------------------------+
; Flow Non-Default Global Settings                                                                                                                         ;
+--------------------------------------+--------------------------------------------------------------------+---------------+-------------+----------------+
; Assignment Name                      ; Value                                                              ; Default Value ; Entity Name ; Section Id     ;
+--------------------------------------+--------------------------------------------------------------------+---------------+-------------+----------------+
; COMPILER_SIGNATURE_ID                ; 53552314993179.158164848105288                                     ; --            ; --          ; --             ;
; EDA_DESIGN_INSTANCE_NAME             ; NA                                                                 ; --            ; --          ; DDS_TB         ;
; EDA_NATIVELINK_SIMULATION_TEST_BENCH ; DDS_TB                                                             ; --            ; --          ; eda_simulation ;
; EDA_OUTPUT_DATA_FORMAT               ; Verilog Hdl                                                        ; --            ; --          ; eda_simulation ;
; EDA_SIMULATION_TOOL                  ; ModelSim-Altera (Verilog)                                          ; <None>        ; --          ; --             ;
; EDA_TEST_BENCH_ENABLE_STATUS         ; TEST_BENCH_MODE                                                    ; --            ; --          ; eda_simulation ;
; EDA_TEST_BENCH_FILE                  ; TestBench/DDS_TB.v                                                 ; --            ; --          ; DDS_TB         ;
; EDA_TEST_BENCH_MODULE_NAME           ; DDS_TB                                                             ; --            ; --          ; DDS_TB         ;
; EDA_TEST_BENCH_NAME                  ; DDS_TB                                                             ; --            ; --          ; eda_simulation ;
; EDA_TIME_SCALE                       ; 10 ps                                                              ; --            ; --          ; eda_simulation ;
; IP_TOOL_NAME                         ; ALTMULT_ACCUM (MAC)                                                ; --            ; --          ; --             ;
; IP_TOOL_NAME                         ; ALTMULT_ADD                                                        ; --            ; --          ; --             ;
; IP_TOOL_NAME                         ; ALTSQRT                                                            ; --            ; --          ; --             ;
; IP_TOOL_NAME                         ; NCO                                                                ; --            ; --          ; --             ;
; IP_TOOL_NAME                         ; LPM_ADD_SUB                                                        ; --            ; --          ; --             ;
; IP_TOOL_NAME                         ; ALTMULT_ACCUM (MAC)                                                ; --            ; --          ; --             ;
; IP_TOOL_NAME                         ; ALTMULT_ADD                                                        ; --            ; --          ; --             ;
; IP_TOOL_NAME                         ; ALTSQRT                                                            ; --            ; --          ; --             ;
; IP_TOOL_NAME                         ; LPM_ADD_SUB                                                        ; --            ; --          ; --             ;
; IP_TOOL_NAME                         ; LPM_MUX                                                            ; --            ; --          ; --             ;
; IP_TOOL_NAME                         ; LPM_MUX                                                            ; --            ; --          ; --             ;
; IP_TOOL_NAME                         ; LPM_MUX                                                            ; --            ; --          ; --             ;
; IP_TOOL_NAME                         ; ROM: 1-PORT                                                        ; --            ; --          ; --             ;
; IP_TOOL_NAME                         ; ROM: 1-PORT                                                        ; --            ; --          ; --             ;
; IP_TOOL_NAME                         ; LPM_MUX                                                            ; --            ; --          ; --             ;
; IP_TOOL_NAME                         ; FIFO                                                               ; --            ; --          ; --             ;
; IP_TOOL_NAME                         ; ALTPLL                                                             ; --            ; --          ; --             ;
; IP_TOOL_NAME                         ; FIFO                                                               ; --            ; --          ; --             ;
; IP_TOOL_NAME                         ; ROM: 1-PORT                                                        ; --            ; --          ; --             ;
; IP_TOOL_NAME                         ; ROM: 1-PORT                                                        ; --            ; --          ; --             ;
; IP_TOOL_NAME                         ; ROM: 1-PORT                                                        ; --            ; --          ; --             ;
; IP_TOOL_NAME                         ; ROM: 1-PORT                                                        ; --            ; --          ; --             ;
; IP_TOOL_NAME                         ; LPM_MUX                                                            ; --            ; --          ; --             ;
; IP_TOOL_NAME                         ; LPM_DIVIDE                                                         ; --            ; --          ; --             ;
; IP_TOOL_NAME                         ; ALTFP_CONVERT                                                      ; --            ; --          ; --             ;
; IP_TOOL_NAME                         ; ALTFP_ATAN                                                         ; --            ; --          ; --             ;
; IP_TOOL_NAME                         ; ALTFP_CONVERT                                                      ; --            ; --          ; --             ;
; IP_TOOL_VERSION                      ; 13.1                                                               ; --            ; --          ; --             ;
; IP_TOOL_VERSION                      ; 13.1                                                               ; --            ; --          ; --             ;
; IP_TOOL_VERSION                      ; 13.1                                                               ; --            ; --          ; --             ;
; IP_TOOL_VERSION                      ; 13.1                                                               ; --            ; --          ; --             ;
; IP_TOOL_VERSION                      ; 13.1                                                               ; --            ; --          ; --             ;
; IP_TOOL_VERSION                      ; 13.1                                                               ; --            ; --          ; --             ;
; IP_TOOL_VERSION                      ; 13.1                                                               ; --            ; --          ; --             ;
; IP_TOOL_VERSION                      ; 13.1                                                               ; --            ; --          ; --             ;
; IP_TOOL_VERSION                      ; 13.1                                                               ; --            ; --          ; --             ;
; IP_TOOL_VERSION                      ; 13.1                                                               ; --            ; --          ; --             ;
; IP_TOOL_VERSION                      ; 13.1                                                               ; --            ; --          ; --             ;
; IP_TOOL_VERSION                      ; 13.1                                                               ; --            ; --          ; --             ;
; IP_TOOL_VERSION                      ; 13.1                                                               ; --            ; --          ; --             ;
; IP_TOOL_VERSION                      ; 13.1                                                               ; --            ; --          ; --             ;
; IP_TOOL_VERSION                      ; 13.1                                                               ; --            ; --          ; --             ;
; IP_TOOL_VERSION                      ; 13.1                                                               ; --            ; --          ; --             ;
; IP_TOOL_VERSION                      ; 13.1                                                               ; --            ; --          ; --             ;
; IP_TOOL_VERSION                      ; 13.1                                                               ; --            ; --          ; --             ;
; IP_TOOL_VERSION                      ; 13.1                                                               ; --            ; --          ; --             ;
; IP_TOOL_VERSION                      ; 13.1                                                               ; --            ; --          ; --             ;
; IP_TOOL_VERSION                      ; 13.1                                                               ; --            ; --          ; --             ;
; IP_TOOL_VERSION                      ; 13.1                                                               ; --            ; --          ; --             ;
; IP_TOOL_VERSION                      ; 13.1                                                               ; --            ; --          ; --             ;
; IP_TOOL_VERSION                      ; 13.1                                                               ; --            ; --          ; --             ;
; IP_TOOL_VERSION                      ; 13.1                                                               ; --            ; --          ; --             ;
; IP_TOOL_VERSION                      ; 13.1                                                               ; --            ; --          ; --             ;
; IP_TOOL_VERSION                      ; 13.1                                                               ; --            ; --          ; --             ;
; MAX_CORE_JUNCTION_TEMP               ; 85                                                                 ; --            ; --          ; --             ;
; MIN_CORE_JUNCTION_TEMP               ; 0                                                                  ; --            ; --          ; --             ;
; MISC_FILE                            ; IPs.bsf                                                            ; --            ; --          ; --             ;
; MISC_FILE                            ; IPs_bb.v                                                           ; --            ; --          ; --             ;
; MISC_FILE                            ; IPs/MultAdd.bsf                                                    ; --            ; --          ; --             ;
; MISC_FILE                            ; IPs/MultAdd_bb.v                                                   ; --            ; --          ; --             ;
; MISC_FILE                            ; IPs/ALTSQRT0.bsf                                                   ; --            ; --          ; --             ;
; MISC_FILE                            ; IPs/ALTSQRT0_bb.v                                                  ; --            ; --          ; --             ;
; MISC_FILE                            ; IPs/nco-library/asj_altq.v                                         ; --            ; --          ; --             ;
; MISC_FILE                            ; IPs/nco-library/asj_altqmcash.v                                    ; --            ; --          ; --             ;
; MISC_FILE                            ; IPs/nco-library/asj_altqmcpipe.v                                   ; --            ; --          ; --             ;
; MISC_FILE                            ; IPs/nco-library/asj_altqmcpipe_rst.v                               ; --            ; --          ; --             ;
; MISC_FILE                            ; IPs/nco-library/asj_crd.v                                          ; --            ; --          ; --             ;
; MISC_FILE                            ; IPs/nco-library/asj_crs.v                                          ; --            ; --          ; --             ;
; MISC_FILE                            ; IPs/nco-library/asj_dxx.v                                          ; --            ; --          ; --             ;
; MISC_FILE                            ; IPs/nco-library/asj_dxx_g.v                                        ; --            ; --          ; --             ;
; MISC_FILE                            ; IPs/nco-library/asj_gal.v                                          ; --            ; --          ; --             ;
; MISC_FILE                            ; IPs/nco-library/asj_gam.v                                          ; --            ; --          ; --             ;
; MISC_FILE                            ; IPs/nco-library/asj_gam_dp.v                                       ; --            ; --          ; --             ;
; MISC_FILE                            ; IPs/nco-library/asj_gar.v                                          ; --            ; --          ; --             ;
; MISC_FILE                            ; IPs/nco-library/asj_nco_aprid_dxx.v                                ; --            ; --          ; --             ;
; MISC_FILE                            ; IPs/nco-library/asj_nco_apr_dxx.v                                  ; --            ; --          ; --             ;
; MISC_FILE                            ; IPs/nco-library/asj_nco_as_m.v                                     ; --            ; --          ; --             ;
; MISC_FILE                            ; IPs/nco-library/asj_nco_as_m_cen.v                                 ; --            ; --          ; --             ;
; MISC_FILE                            ; IPs/nco-library/asj_nco_as_m_dp.v                                  ; --            ; --          ; --             ;
; MISC_FILE                            ; IPs/nco-library/asj_nco_as_m_dp_cen.v                              ; --            ; --          ; --             ;
; MISC_FILE                            ; IPs/nco-library/asj_nco_d1gam.v                                    ; --            ; --          ; --             ;
; MISC_FILE                            ; IPs/nco-library/asj_nco_derot.v                                    ; --            ; --          ; --             ;
; MISC_FILE                            ; IPs/nco-library/asj_nco_fxx.v                                      ; --            ; --          ; --             ;
; MISC_FILE                            ; IPs/nco-library/asj_nco_isdr.v                                     ; --            ; --          ; --             ;
; MISC_FILE                            ; IPs/nco-library/asj_nco_isdr_mc.v                                  ; --            ; --          ; --             ;
; MISC_FILE                            ; IPs/nco-library/asj_nco_isdr_throughput2.v                         ; --            ; --          ; --             ;
; MISC_FILE                            ; IPs/nco-library/asj_nco_lp_m.v                                     ; --            ; --          ; --             ;
; MISC_FILE                            ; IPs/nco-library/asj_nco_m.v                                        ; --            ; --          ; --             ;
; MISC_FILE                            ; IPs/nco-library/asj_nco_madx.v                                     ; --            ; --          ; --             ;
; MISC_FILE                            ; IPs/nco-library/asj_nco_madx_cen.v                                 ; --            ; --          ; --             ;
; MISC_FILE                            ; IPs/nco-library/asj_nco_mady.v                                     ; --            ; --          ; --             ;
; MISC_FILE                            ; IPs/nco-library/asj_nco_mady_cen.v                                 ; --            ; --          ; --             ;
; MISC_FILE                            ; IPs/nco-library/asj_nco_mcin.v                                     ; --            ; --          ; --             ;
; MISC_FILE                            ; IPs/nco-library/asj_nco_mciosel.v                                  ; --            ; --          ; --             ;
; MISC_FILE                            ; IPs/nco-library/asj_nco_mcout.v                                    ; --            ; --          ; --             ;
; MISC_FILE                            ; IPs/nco-library/asj_nco_mob_rw.v                                   ; --            ; --          ; --             ;
; MISC_FILE                            ; IPs/nco-library/asj_nco_mob_sw.v                                   ; --            ; --          ; --             ;
; MISC_FILE                            ; IPs/nco-library/asj_nco_mob_w.v                                    ; --            ; --          ; --             ;
; MISC_FILE                            ; IPs/nco-library/asj_nco_pmd2.v                                     ; --            ; --          ; --             ;
; MISC_FILE                            ; IPs/nco-library/asj_nco_pmd2gam.v                                  ; --            ; --          ; --             ;
; MISC_FILE                            ; IPs/nco-library/asj_nco_pxx.v                                      ; --            ; --          ; --             ;
; MISC_FILE                            ; IPs/nco-library/asj_xnqg.v                                         ; --            ; --          ; --             ;
; MISC_FILE                            ; IPs/nco-library/auk_dspip_avalon_streaming_block_sink.vhd          ; --            ; --          ; --             ;
; MISC_FILE                            ; IPs/nco-library/auk_dspip_avalon_streaming_block_sink_fftfprvs.vhd ; --            ; --          ; --             ;
; MISC_FILE                            ; IPs/nco-library/auk_dspip_avalon_streaming_block_source.vhd        ; --            ; --          ; --             ;
; MISC_FILE                            ; IPs/nco-library/auk_dspip_avalon_streaming_controller.vhd          ; --            ; --          ; --             ;
; MISC_FILE                            ; IPs/nco-library/auk_dspip_avalon_streaming_controller_pe.vhd       ; --            ; --          ; --             ;
; MISC_FILE                            ; IPs/nco-library/auk_dspip_avalon_streaming_sink.vhd                ; --            ; --          ; --             ;
; MISC_FILE                            ; IPs/nco-library/auk_dspip_avalon_streaming_source.vhd              ; --            ; --          ; --             ;
; MISC_FILE                            ; IPs/nco-library/auk_dspip_delay.vhd                                ; --            ; --          ; --             ;
; MISC_FILE                            ; IPs/nco-library/auk_dspip_lib_pkg.vhd                              ; --            ; --          ; --             ;
; MISC_FILE                            ; IPs/nco-library/auk_dspip_math_pkg.vhd                             ; --            ; --          ; --             ;
; MISC_FILE                            ; IPs/nco-library/auk_dspip_text_pkg.vhd                             ; --            ; --          ; --             ;
; MISC_FILE                            ; IPs/nco-library/cordic_10_m.v                                      ; --            ; --          ; --             ;
; MISC_FILE                            ; IPs/nco-library/cordic_11_m.v                                      ; --            ; --          ; --             ;
; MISC_FILE                            ; IPs/nco-library/cordic_12_m.v                                      ; --            ; --          ; --             ;
; MISC_FILE                            ; IPs/nco-library/cordic_13_m.v                                      ; --            ; --          ; --             ;
; MISC_FILE                            ; IPs/nco-library/cordic_14_m.v                                      ; --            ; --          ; --             ;
; MISC_FILE                            ; IPs/nco-library/cordic_15_m.v                                      ; --            ; --          ; --             ;
; MISC_FILE                            ; IPs/nco-library/cordic_16_m.v                                      ; --            ; --          ; --             ;
; MISC_FILE                            ; IPs/nco-library/cordic_17_m.v                                      ; --            ; --          ; --             ;
; MISC_FILE                            ; IPs/nco-library/cordic_18_m.v                                      ; --            ; --          ; --             ;
; MISC_FILE                            ; IPs/nco-library/cordic_19_m.v                                      ; --            ; --          ; --             ;
; MISC_FILE                            ; IPs/nco-library/cordic_20_m.v                                      ; --            ; --          ; --             ;
; MISC_FILE                            ; IPs/nco-library/cordic_21_m.v                                      ; --            ; --          ; --             ;
; MISC_FILE                            ; IPs/nco-library/cordic_22_m.v                                      ; --            ; --          ; --             ;
; MISC_FILE                            ; IPs/nco-library/cordic_23_m.v                                      ; --            ; --          ; --             ;
; MISC_FILE                            ; IPs/nco-library/cordic_24_m.v                                      ; --            ; --          ; --             ;
; MISC_FILE                            ; IPs/nco-library/cordic_25_m.v                                      ; --            ; --          ; --             ;
; MISC_FILE                            ; IPs/nco-library/cordic_26_m.v                                      ; --            ; --          ; --             ;
; MISC_FILE                            ; IPs/nco-library/cordic_27_m.v                                      ; --            ; --          ; --             ;
; MISC_FILE                            ; IPs/nco-library/cordic_28_m.v                                      ; --            ; --          ; --             ;
; MISC_FILE                            ; IPs/nco-library/cordic_29_m.v                                      ; --            ; --          ; --             ;
; MISC_FILE                            ; IPs/nco-library/cordic_30_m.v                                      ; --            ; --          ; --             ;
; MISC_FILE                            ; IPs/nco-library/cordic_31_m.v                                      ; --            ; --          ; --             ;
; MISC_FILE                            ; IPs/nco-library/cordic_32_m.v                                      ; --            ; --          ; --             ;
; MISC_FILE                            ; IPs/nco-library/cordic_3_m.v                                       ; --            ; --          ; --             ;
; MISC_FILE                            ; IPs/nco-library/cordic_4_m.v                                       ; --            ; --          ; --             ;
; MISC_FILE                            ; IPs/nco-library/cordic_5_m.v                                       ; --            ; --          ; --             ;
; MISC_FILE                            ; IPs/nco-library/cordic_6_m.v                                       ; --            ; --          ; --             ;
; MISC_FILE                            ; IPs/nco-library/cordic_7_m.v                                       ; --            ; --          ; --             ;
; MISC_FILE                            ; IPs/nco-library/cordic_8_m.v                                       ; --            ; --          ; --             ;
; MISC_FILE                            ; IPs/nco-library/cordic_9_m.v                                       ; --            ; --          ; --             ;
; MISC_FILE                            ; IPs/nco-library/cordic_axor_0p_lpm.v                               ; --            ; --          ; --             ;
; MISC_FILE                            ; IPs/nco-library/cordic_axor_1p_lpm.v                               ; --            ; --          ; --             ;
; MISC_FILE                            ; IPs/nco-library/cordic_axor_2p_lpm.v                               ; --            ; --          ; --             ;
; MISC_FILE                            ; IPs/nco-library/cordic_axor_ser.v                                  ; --            ; --          ; --             ;
; MISC_FILE                            ; IPs/nco-library/cordic_cnt.v                                       ; --            ; --          ; --             ;
; MISC_FILE                            ; IPs/nco-library/cordic_cnt_sig.v                                   ; --            ; --          ; --             ;
; MISC_FILE                            ; IPs/nco-library/cordic_reg_ser.v                                   ; --            ; --          ; --             ;
; MISC_FILE                            ; IPs/nco-library/cordic_sxor_0p_lpm.v                               ; --            ; --          ; --             ;
; MISC_FILE                            ; IPs/nco-library/cordic_sxor_1p_lpm.v                               ; --            ; --          ; --             ;
; MISC_FILE                            ; IPs/nco-library/cordic_sxor_2p_lpm.v                               ; --            ; --          ; --             ;
; MISC_FILE                            ; IPs/nco-library/cordic_sxor_ser.v                                  ; --            ; --          ; --             ;
; MISC_FILE                            ; IPs/nco-library/cordic_zxor_0p_lpm.v                               ; --            ; --          ; --             ;
; MISC_FILE                            ; IPs/nco-library/cordic_zxor_1p_lpm.v                               ; --            ; --          ; --             ;
; MISC_FILE                            ; IPs/nco-library/cordic_zxor_2p_lpm.v                               ; --            ; --          ; --             ;
; MISC_FILE                            ; IPs/nco-library/cordic_zxor_ser.v                                  ; --            ; --          ; --             ;
; MISC_FILE                            ; IPs/nco-library/cord_2c.v                                          ; --            ; --          ; --             ;
; MISC_FILE                            ; IPs/nco-library/cord_acc_ena.v                                     ; --            ; --          ; --             ;
; MISC_FILE                            ; IPs/nco-library/cord_en.v                                          ; --            ; --          ; --             ;
; MISC_FILE                            ; IPs/nco-library/cord_fs.v                                          ; --            ; --          ; --             ;
; MISC_FILE                            ; IPs/nco-library/cord_init.v                                        ; --            ; --          ; --             ;
; MISC_FILE                            ; IPs/nco-library/cord_init_pm.v                                     ; --            ; --          ; --             ;
; MISC_FILE                            ; IPs/nco-library/cord_init_ser.v                                    ; --            ; --          ; --             ;
; MISC_FILE                            ; IPs/nco-library/cord_init_ser_pm.v                                 ; --            ; --          ; --             ;
; MISC_FILE                            ; IPs/nco-library/cord_lut.v                                         ; --            ; --          ; --             ;
; MISC_FILE                            ; IPs/nco-library/cord_lut_1p.v                                      ; --            ; --          ; --             ;
; MISC_FILE                            ; IPs/nco-library/cord_rot_dual.v                                    ; --            ; --          ; --             ;
; MISC_FILE                            ; IPs/nco-library/cord_rot_sgl.v                                     ; --            ; --          ; --             ;
; MISC_FILE                            ; IPs/nco-library/cord_seg_sel.v                                     ; --            ; --          ; --             ;
; MISC_FILE                            ; IPs/nco-library/dop_reg.v                                          ; --            ; --          ; --             ;
; MISC_FILE                            ; IPs/nco-library/freq_sel_st.v                                      ; --            ; --          ; --             ;
; MISC_FILE                            ; IPs/nco-library/las.v                                              ; --            ; --          ; --             ;
; MISC_FILE                            ; IPs/nco-library/lms.v                                              ; --            ; --          ; --             ;
; MISC_FILE                            ; IPs/nco-library/lmsd.v                                             ; --            ; --          ; --             ;
; MISC_FILE                            ; IPs/nco-library/mac_i_lpm.v                                        ; --            ; --          ; --             ;
; MISC_FILE                            ; IPs/nco-library/mac_i_lpmd.v                                       ; --            ; --          ; --             ;
; MISC_FILE                            ; IPs/nco-library/m_output_blk_reg.v                                 ; --            ; --          ; --             ;
; MISC_FILE                            ; IPs/nco-library/m_output_blk_rw.v                                  ; --            ; --          ; --             ;
; MISC_FILE                            ; IPs/nco-library/m_output_blk_w.v                                   ; --            ; --          ; --             ;
; MISC_FILE                            ; IPs/nco-library/segment_arr_tdl.v                                  ; --            ; --          ; --             ;
; MISC_FILE                            ; IPs/nco-library/segment_sel.v                                      ; --            ; --          ; --             ;
; MISC_FILE                            ; IPs/nco-library/segment_sel_sgl.v                                  ; --            ; --          ; --             ;
; MISC_FILE                            ; IPs/nco-library/sid_2c_1p.v                                        ; --            ; --          ; --             ;
; MISC_FILE                            ; IPs/nco-library/sop_reg.v                                          ; --            ; --          ; --             ;
; MISC_FILE                            ; IPs/NCO.v                                                          ; --            ; --          ; --             ;
; MISC_FILE                            ; IPs/NCO_bb.v                                                       ; --            ; --          ; --             ;
; MISC_FILE                            ; IPs/NCO.bsf                                                        ; --            ; --          ; --             ;
; MISC_FILE                            ; IPs/NCO.vo                                                         ; --            ; --          ; --             ;
; MISC_FILE                            ; IPs/NCO_st.v                                                       ; --            ; --          ; --             ;
; MISC_FILE                            ; IPs/NCO_tb.v                                                       ; --            ; --          ; --             ;
; MISC_FILE                            ; IPs/NCO_vo_msim.tcl                                                ; --            ; --          ; --             ;
; MISC_FILE                            ; IPs/NCO_wave.do                                                    ; --            ; --          ; --             ;
; MISC_FILE                            ; IPs/NCO_model.m                                                    ; --            ; --          ; --             ;
; MISC_FILE                            ; IPs/NCO_tb.m                                                       ; --            ; --          ; --             ;
; MISC_FILE                            ; IPs/NCO.vec                                                        ; --            ; --          ; --             ;
; MISC_FILE                            ; IPs/NCO_nativelink.tcl                                             ; --            ; --          ; --             ;
; MISC_FILE                            ; IPs/NCO.qip                                                        ; --            ; --          ; --             ;
; MISC_FILE                            ; IPs/NCO.html                                                       ; --            ; --          ; --             ;
; MISC_FILE                            ; Modules/lpm_add_sub0.bsf                                           ; --            ; --          ; --             ;
; MISC_FILE                            ; Modules/lpm_add_sub0_bb.v                                          ; --            ; --          ; --             ;
; MISC_FILE                            ; IPs/Altmult_accum0.bsf                                             ; --            ; --          ; --             ;
; MISC_FILE                            ; IPs/Altmult_accum0_bb.v                                            ; --            ; --          ; --             ;
; MISC_FILE                            ; Almult_Add0.bsf                                                    ; --            ; --          ; --             ;
; MISC_FILE                            ; Almult_Add0_bb.v                                                   ; --            ; --          ; --             ;
; MISC_FILE                            ; Modules/altsqrt0.bsf                                               ; --            ; --          ; --             ;
; MISC_FILE                            ; Modules/altsqrt0_bb.v                                              ; --            ; --          ; --             ;
; MISC_FILE                            ; Modules/lpm_add_sub1.bsf                                           ; --            ; --          ; --             ;
; MISC_FILE                            ; Modules/lpm_add_sub1_bb.v                                          ; --            ; --          ; --             ;
; MISC_FILE                            ; IPs/LPM_MUX0.bsf                                                   ; --            ; --          ; --             ;
; MISC_FILE                            ; IPs/LPM_MUX0_bb.v                                                  ; --            ; --          ; --             ;
; MISC_FILE                            ; IPs/LPM_MUX1.bsf                                                   ; --            ; --          ; --             ;
; MISC_FILE                            ; IPs/LPM_MUX1_bb.v                                                  ; --            ; --          ; --             ;
; MISC_FILE                            ; IPs/LPF_MUX64.bsf                                                  ; --            ; --          ; --             ;
; MISC_FILE                            ; IPs/LPF_MUX64_bb.v                                                 ; --            ; --          ; --             ;
; MISC_FILE                            ; IPs/SwitchROM.bsf                                                  ; --            ; --          ; --             ;
; MISC_FILE                            ; IPs/SwitchROM_bb.v                                                 ; --            ; --          ; --             ;
; MISC_FILE                            ; MeasChannel.bsf                                                    ; --            ; --          ; --             ;
; MISC_FILE                            ; MeasChannel_bb.v                                                   ; --            ; --          ; --             ;
; MISC_FILE                            ; IPs/LPM_MUX2.bsf                                                   ; --            ; --          ; --             ;
; MISC_FILE                            ; IPs/LPM_MUX2_bb.v                                                  ; --            ; --          ; --             ;
; MISC_FILE                            ; IPs/FIFOUART.bsf                                                   ; --            ; --          ; --             ;
; MISC_FILE                            ; IPs/FIFOUART_bb.v                                                  ; --            ; --          ; --             ;
; MISC_FILE                            ; IPs/altpll0.bsf                                                    ; --            ; --          ; --             ;
; MISC_FILE                            ; IPs/altpll0_bb.v                                                   ; --            ; --          ; --             ;
; MISC_FILE                            ; IPs/altpll0.ppf                                                    ; --            ; --          ; --             ;
; MISC_FILE                            ; IPs/USBFIFO.bsf                                                    ; --            ; --          ; --             ;
; MISC_FILE                            ; IPs/USBFIFO_bb.v                                                   ; --            ; --          ; --             ;
; MISC_FILE                            ; SwitchROM12eS.bsf                                                  ; --            ; --          ; --             ;
; MISC_FILE                            ; SwitchROM12eS_bb.v                                                 ; --            ; --          ; --             ;
; MISC_FILE                            ; SwitchROM12eSemi.bsf                                               ; --            ; --          ; --             ;
; MISC_FILE                            ; SwitchROM12eSemi_bb.v                                              ; --            ; --          ; --             ;
; MISC_FILE                            ; SwitchROM8eTwin.bsf                                                ; --            ; --          ; --             ;
; MISC_FILE                            ; SwitchROM8eTwin_bb.v                                               ; --            ; --          ; --             ;
; MISC_FILE                            ; SwitchROM12eTwin.bsf                                               ; --            ; --          ; --             ;
; MISC_FILE                            ; SwitchROM12eTwin_bb.v                                              ; --            ; --          ; --             ;
; MISC_FILE                            ; SwitchMux.bsf                                                      ; --            ; --          ; --             ;
; MISC_FILE                            ; SwitchMux_bb.v                                                     ; --            ; --          ; --             ;
; MISC_FILE                            ; IPs/ip_lpm_divide_inst.v                                           ; --            ; --          ; --             ;
; MISC_FILE                            ; IPs/ip_lpm_divide_bb.v                                             ; --            ; --          ; --             ;
; MISC_FILE                            ; IPs/ip_convert_inst.v                                              ; --            ; --          ; --             ;
; MISC_FILE                            ; IPs/ip_convert_bb.v                                                ; --            ; --          ; --             ;
; MISC_FILE                            ; IPs/ip_atan_inst.v                                                 ; --            ; --          ; --             ;
; MISC_FILE                            ; IPs/ip_atan_bb.v                                                   ; --            ; --          ; --             ;
; MISC_FILE                            ; IPs/ip_convert2_inst.v                                             ; --            ; --          ; --             ;
; MISC_FILE                            ; IPs/ip_convert2_bb.v                                               ; --            ; --          ; --             ;
; OUTPUT_IO_TIMING_FAR_END_VMEAS       ; Half Signal Swing                                                  ; --            ; --          ; --             ;
; OUTPUT_IO_TIMING_FAR_END_VMEAS       ; Half Signal Swing                                                  ; --            ; --          ; --             ;
; OUTPUT_IO_TIMING_NEAR_END_VMEAS      ; Half Vccio                                                         ; --            ; --          ; --             ;
; OUTPUT_IO_TIMING_NEAR_END_VMEAS      ; Half Vccio                                                         ; --            ; --          ; --             ;
; PARTITION_COLOR                      ; 16764057                                                           ; --            ; --          ; Top            ;
; PARTITION_FITTER_PRESERVATION_LEVEL  ; PLACEMENT_AND_ROUTING                                              ; --            ; --          ; Top            ;
; PARTITION_NETLIST_TYPE               ; SOURCE                                                             ; --            ; --          ; Top            ;
; POWER_BOARD_THERMAL_MODEL            ; None (CONSERVATIVE)                                                ; --            ; --          ; --             ;
; POWER_PRESET_COOLING_SOLUTION        ; 23 MM HEAT SINK WITH 200 LFPM AIRFLOW                              ; --            ; --          ; --             ;
; PROJECT_OUTPUT_DIRECTORY             ; output_files                                                       ; --            ; --          ; --             ;
; SEARCH_PATH                          ; IPs/.                                                              ; --            ; --          ; --             ;
; SEARCH_PATH                          ; IPs/nco-library                                                    ; --            ; --          ; --             ;
+--------------------------------------+--------------------------------------------------------------------+---------------+-------------+----------------+


+--------------------------------------------------------------------------------------------------------------------------+
; Flow Elapsed Time                                                                                                        ;
+----------------------+--------------+-------------------------+---------------------+------------------------------------+
; Module Name          ; Elapsed Time ; Average Processors Used ; Peak Virtual Memory ; Total CPU Time (on all processors) ;
+----------------------+--------------+-------------------------+---------------------+------------------------------------+
; Analysis & Synthesis ; 00:00:15     ; 1.0                     ; 613 MB              ; 00:00:15                           ;
; Fitter               ; 00:00:25     ; 1.2                     ; 1197 MB             ; 00:00:31                           ;
; Assembler            ; 00:00:02     ; 1.0                     ; 467 MB              ; 00:00:02                           ;
; Total                ; 00:00:42     ; --                      ; --                  ; 00:00:48                           ;
+----------------------+--------------+-------------------------+---------------------+------------------------------------+


+-----------------------------------------------------------------------------------+
; Flow OS Summary                                                                   ;
+----------------------+------------------+-----------+------------+----------------+
; Module Name          ; Machine Hostname ; OS Name   ; OS Version ; Processor type ;
+----------------------+------------------+-----------+------------+----------------+
; Analysis & Synthesis ; Tsinghua         ; Windows 7 ; 6.1        ; x86_64         ;
; Fitter               ; Tsinghua         ; Windows 7 ; 6.1        ; x86_64         ;
; Assembler            ; Tsinghua         ; Windows 7 ; 6.1        ; x86_64         ;
+----------------------+------------------+-----------+------------+----------------+


------------
; Flow Log ;
------------
quartus_map --read_settings_files=on --write_settings_files=off ECTNew -c ECTNew
quartus_fit --read_settings_files=on --write_settings_files=off ECTNew -c ECTNew
quartus_asm --read_settings_files=off --write_settings_files=off ECTNew -c ECTNew



